<?xml version='1.0'?>
<ns2:test-suite xmlns:ns2='urn:model.allure.qatools.yandex.ru' start='1651411333465' stop='1651411393520'>
    <name>The Automation Practice Website: As a user,i want to create an account</name>
    <title>The Automation Practice Website: As a user,i want to create an account</title>
    <test-cases>
        <test-case start='1651411333466' status='passed' stop='1651411333467'>
            <name></name>
            <title></title>
            <labels>
                <label name='language' value='javascript'/>
                <label name='framework' value='wdio'/>
                <label name='thread' value='0-0'/>
            </labels>
            <parameters>
                <parameter kind='argument' name='browser' value='chrome-101.0.4951.41'/>
            </parameters>
            <steps/>
            <attachments/>
        </test-case>
        <test-case start='1651411333467' status='broken' stop='1651411393508'>
            <name>Given I open the browser and load the url &lt;homepage></name>
            <title>Given I open the browser and load the url &lt;homepage></title>
            <labels>
                <label name='language' value='javascript'/>
                <label name='framework' value='wdio'/>
                <label name='thread' value='0-0'/>
            </labels>
            <parameters>
                <parameter kind='argument' name='browser' value='chrome-101.0.4951.41'/>
            </parameters>
            <steps>
                <step start='1651411333468' status='broken' stop='1651411393508'>
                    <name>POST /session/:sessionId/url</name>
                    <title>POST /session/:sessionId/url</title>
                    <attachments>
                        <attachment title='Request' source='398953de-5ce7-471d-a88b-e31ab72933b2-attachment.json' type='application/json' size='46'/>
                    </attachments>
                    <steps/>
                </step>
            </steps>
            <attachments/>
            <failure>
                <message>Error: function timed out, ensure the promise resolves within 60000 milliseconds</message>
                <stack-trace>Error: function timed out, ensure the promise resolves within 60000 milliseconds
                    at Timeout.&lt;anonymous> (C:\Users\HP\Desktop\AutomationDemoProject\node_modules\@cucumber\cucumber\src\time.ts:53:14)
                    at listOnTimeout (node:internal/timers:559:17)
                    at processTimers (node:internal/timers:502:7)</stack-trace>
            </failure>
        </test-case>
        <test-case start='1651411393509' status='undefined'>
            <name>Then i should see signin link displayed on page</name>
            <title>Then i should see signin link displayed on page</title>
            <labels>
                <label name='language' value='javascript'/>
                <label name='framework' value='wdio'/>
                <label name='thread' value='0-0'/>
            </labels>
            <parameters>
                <parameter kind='argument' name='browser' value='chrome-101.0.4951.41'/>
            </parameters>
            <steps/>
            <attachments/>
        </test-case>
        <test-case start='1651411393513' status='undefined'>
            <name>When i click on signin link</name>
            <title>When i click on signin link</title>
            <labels>
                <label name='language' value='javascript'/>
                <label name='framework' value='wdio'/>
                <label name='thread' value='0-0'/>
            </labels>
            <parameters>
                <parameter kind='argument' name='browser' value='chrome-101.0.4951.41'/>
            </parameters>
            <steps/>
            <attachments/>
        </test-case>
        <test-case start='1651411393514' status='undefined'>
            <name>Then i should see header with text Create an account</name>
            <title>Then i should see header with text Create an account</title>
            <labels>
                <label name='language' value='javascript'/>
                <label name='framework' value='wdio'/>
                <label name='thread' value='0-0'/>
            </labels>
            <parameters>
                <parameter kind='argument' name='browser' value='chrome-101.0.4951.41'/>
            </parameters>
            <steps/>
            <attachments/>
        </test-case>
        <test-case start='1651411393515' status='undefined'>
            <name>When i enter valid email address testuser1.04.22@gmail.com</name>
            <title>When i enter valid email address testuser1.04.22@gmail.com</title>
            <labels>
                <label name='language' value='javascript'/>
                <label name='framework' value='wdio'/>
                <label name='thread' value='0-0'/>
            </labels>
            <parameters>
                <parameter kind='argument' name='browser' value='chrome-101.0.4951.41'/>
            </parameters>
            <steps/>
            <attachments/>
        </test-case>
        <test-case start='1651411393516' status='undefined'>
            <name>And i click on create an account button</name>
            <title>And i click on create an account button</title>
            <labels>
                <label name='language' value='javascript'/>
                <label name='framework' value='wdio'/>
                <label name='thread' value='0-0'/>
            </labels>
            <parameters>
                <parameter kind='argument' name='browser' value='chrome-101.0.4951.41'/>
            </parameters>
            <steps/>
            <attachments/>
        </test-case>
        <test-case start='1651411393516' status='broken' stop='1651411393517'>
            <name>Then i should succesfully  navigate to createaccountpage</name>
            <title>Then i should succesfully  navigate to createaccountpage</title>
            <labels>
                <label name='language' value='javascript'/>
                <label name='framework' value='wdio'/>
                <label name='thread' value='0-0'/>
            </labels>
            <parameters>
                <parameter kind='argument' name='browser' value='chrome-101.0.4951.41'/>
            </parameters>
            <steps/>
            <attachments/>
            <failure>
                <message>Step "i should succesfully  navigate to createaccountpage" is not defined. You can ignore this error by setting cucumberOpts.ignoreUndefinedDefinitions as true.</message>
                <stack-trace>Step "i should succesfully  navigate to createaccountpage" is not defined. You can ignore this error by setting cucumberOpts.ignoreUndefinedDefinitions as true.
                	at Feature(C:\Users\HP\Desktop\AutomationDemoProject\features\home.feature):1:1
                	at Scenario(As a user,i want to create an account):15:5
                	at Step(i should succesfully  navigate to createaccountpage):21:9
                </stack-trace>
            </failure>
        </test-case>
        <test-case start='1651411393518' status='passed' stop='1651411393520'>
            <name></name>
            <title></title>
            <labels>
                <label name='language' value='javascript'/>
                <label name='framework' value='wdio'/>
                <label name='thread' value='0-0'/>
            </labels>
            <parameters>
                <parameter kind='argument' name='browser' value='chrome-101.0.4951.41'/>
            </parameters>
            <steps/>
            <attachments/>
        </test-case>
    </test-cases>
</ns2:test-suite>